nohup: ignoring input

  .   ____          _            __ _ _
 /\\ / ___'_ __ _ _(_)_ __  __ _ \ \ \ \
( ( )\___ | '_ | '_| | '_ \/ _` | \ \ \ \
 \\/  ___)| |_)| | | | | || (_| |  ) ) ) )
  '  |____| .__|_| |_|_| |_\__, | / / / /
 =========|_|==============|___/=/_/_/_/

 :: Spring Boot ::                (v4.0.0)

2025-12-12T14:16:11.920Z  INFO 38397 --- [system1-gateway] [           main] c.b.p.s.System1GatewayApplication        : Starting System1GatewayApplication v0.0.1-SNAPSHOT using Java 25.0.1 with PID 38397 (/workspaces/banking-system-poc/system1-gateway/target/system1-gateway-0.0.1-SNAPSHOT.jar started by codespace in /workspaces/banking-system-poc/system1-gateway)
2025-12-12T14:16:11.929Z  INFO 38397 --- [system1-gateway] [           main] c.b.p.s.System1GatewayApplication        : No active profile set, falling back to 1 default profile: "default"
2025-12-12T14:16:13.406Z  INFO 38397 --- [system1-gateway] [           main] o.s.boot.tomcat.TomcatWebServer          : Tomcat initialized with port 8081 (http)
2025-12-12T14:16:13.422Z  INFO 38397 --- [system1-gateway] [           main] o.apache.catalina.core.StandardService   : Starting service [Tomcat]
2025-12-12T14:16:13.423Z  INFO 38397 --- [system1-gateway] [           main] o.apache.catalina.core.StandardEngine    : Starting Servlet engine: [Apache Tomcat/11.0.14]
2025-12-12T14:16:13.451Z  INFO 38397 --- [system1-gateway] [           main] b.w.c.s.WebApplicationContextInitializer : Root WebApplicationContext: initialization completed in 1378 ms
2025-12-12T14:16:13.951Z  WARN 38397 --- [system1-gateway] [           main] .s.a.UserDetailsServiceAutoConfiguration : 

Using generated security password: a9671006-70fc-4e3f-8494-3e388c2c6e19

This generated password is for development use only. Your security configuration must be updated before running your application in production.

2025-12-12T14:16:14.026Z  INFO 38397 --- [system1-gateway] [           main] r$InitializeUserDetailsManagerConfigurer : Global AuthenticationManager configured with UserDetailsService bean with name inMemoryUserDetailsManager
2025-12-12T14:16:14.276Z  INFO 38397 --- [system1-gateway] [           main] o.s.boot.tomcat.TomcatWebServer          : Tomcat started on port 8081 (http) with context path '/'
2025-12-12T14:16:14.290Z  INFO 38397 --- [system1-gateway] [           main] c.b.p.s.System1GatewayApplication        : Started System1GatewayApplication in 3.326 seconds (process running for 4.431)
2025-12-12T14:16:19.699Z  INFO 38397 --- [system1-gateway] [nio-8081-exec-1] o.a.c.c.C.[Tomcat].[localhost].[/]       : Initializing Spring DispatcherServlet 'dispatcherServlet'
2025-12-12T14:16:19.700Z  INFO 38397 --- [system1-gateway] [nio-8081-exec-1] o.s.web.servlet.DispatcherServlet        : Initializing Servlet 'dispatcherServlet'
2025-12-12T14:16:19.703Z  INFO 38397 --- [system1-gateway] [nio-8081-exec-1] o.s.web.servlet.DispatcherServlet        : Completed initialization in 2 ms
